<?xml version="1.0" encoding="UTF-8"?>
<robot generator="Robot 3.1.2 (Python 3.7.4 on win32)" generated="20190901 23:42:57.369" rpa="false">
<suite id="s1" name="ClearTripTesting" source="E:\Vasantha\ClearTripTesting">
<suite id="s1-s1" name="TestFile" source="E:\Vasantha\ClearTripTesting\TestFile">
<suite id="s1-s1-s1" name="ClearTripTest" source="E:\Vasantha\ClearTripTesting\TestFile\ClearTripTest.robot">
<kw name="Begin Test" library="GenericFile" type="setup">
<kw name="Open Browser" library="Selenium2Library">
<doc>Opens a new browser instance to the given ``url``.</doc>
<arguments>
<arg>https://www.cleartrip.com</arg>
<arg>chrome</arg>
</arguments>
<msg timestamp="20190901 23:42:58.038" level="INFO">Opening browser 'chrome' to base url 'https://www.cleartrip.com'.</msg>
<status status="PASS" starttime="20190901 23:42:58.037" endtime="20190901 23:43:11.725"></status>
</kw>
<kw name="Page Should Contain Element" library="Selenium2Library">
<doc>Verifies that element ``locator`` is found on the current page.</doc>
<arguments>
<arg>${Logo}</arg>
</arguments>
<msg timestamp="20190901 23:43:11.748" level="INFO">Current page contains element 'css=span[class="cleartripLogo"]'.</msg>
<status status="PASS" starttime="20190901 23:43:11.727" endtime="20190901 23:43:11.748"></status>
</kw>
<kw name="Maximize Browser Window" library="Selenium2Library">
<doc>Maximizes current browser window.</doc>
<status status="PASS" starttime="20190901 23:43:11.749" endtime="20190901 23:43:15.935"></status>
</kw>
<status status="PASS" starttime="20190901 23:42:58.036" endtime="20190901 23:43:15.936"></status>
</kw>
<test id="s1-s1-s1-t1" name="SignIn Test">
<kw name="SignInError Verfication" library="SignInTest">
<kw name="Click Link" library="Selenium2Library">
<doc>Clicks a link identified by ``locator``.</doc>
<arguments>
<arg>${UserAccount}</arg>
</arguments>
<msg timestamp="20190901 23:43:15.942" level="INFO">Clicking link 'userAccountLink'.</msg>
<status status="PASS" starttime="20190901 23:43:15.941" endtime="20190901 23:43:16.071"></status>
</kw>
<kw name="Sleep" library="BuiltIn">
<doc>Pauses the test executed for the given time.</doc>
<arguments>
<arg>3</arg>
</arguments>
<msg timestamp="20190901 23:43:19.073" level="INFO">Slept 3 seconds</msg>
<status status="PASS" starttime="20190901 23:43:16.072" endtime="20190901 23:43:19.074"></status>
</kw>
<kw name="Capture Page Screenshot" library="Selenium2Library">
<doc>Takes screenshot of the current page and embeds it into log file.</doc>
<msg timestamp="20190901 23:43:19.411" level="INFO" html="yes">&lt;/td&gt;&lt;/tr&gt;&lt;tr&gt;&lt;td colspan="3"&gt;&lt;a href="selenium-screenshot-46.png"&gt;&lt;img src="selenium-screenshot-46.png" width="800px"&gt;&lt;/a&gt;</msg>
<status status="PASS" starttime="20190901 23:43:19.075" endtime="20190901 23:43:19.411"></status>
</kw>
<kw name="Click Button" library="Selenium2Library">
<doc>Clicks button identified by ``locator``.</doc>
<arguments>
<arg>${SignInBtn}</arg>
</arguments>
<msg timestamp="20190901 23:43:19.413" level="INFO">Clicking button 'SignIn'.</msg>
<status status="PASS" starttime="20190901 23:43:19.412" endtime="20190901 23:43:20.810"></status>
</kw>
<kw name="Select Frame" library="Selenium2Library">
<doc>Sets frame identified by ``locator`` as the current frame.</doc>
<arguments>
<arg>${SignInFrame}</arg>
</arguments>
<msg timestamp="20190901 23:43:20.811" level="INFO">Selecting frame 'modal_window'.</msg>
<status status="PASS" starttime="20190901 23:43:20.811" endtime="20190901 23:43:21.550"></status>
</kw>
<kw name="Click Button" library="Selenium2Library">
<doc>Clicks button identified by ``locator``.</doc>
<arguments>
<arg>${SignInPgBtn}</arg>
</arguments>
<msg timestamp="20190901 23:43:21.552" level="INFO">Clicking button 'signInButton'.</msg>
<status status="PASS" starttime="20190901 23:43:21.550" endtime="20190901 23:43:22.090"></status>
</kw>
<kw name="Get Text" library="Selenium2Library">
<doc>Returns the text value of element identified by ``locator``.</doc>
<arguments>
<arg>${SignInError}</arg>
</arguments>
<assign>
<var>${ActualErrorMsg}</var>
</assign>
<msg timestamp="20190901 23:43:22.138" level="INFO">${ActualErrorMsg} = There were errors in your submission
Your username is a required field
Your account password is a required field</msg>
<status status="PASS" starttime="20190901 23:43:22.091" endtime="20190901 23:43:22.138"></status>
</kw>
<kw name="Should Be Equal As Strings" library="BuiltIn">
<doc>Fails if objects are unequal after converting them to strings.</doc>
<arguments>
<arg>${ActualErrorMsg}</arg>
<arg>${ExpectedErrorMsg}</arg>
</arguments>
<status status="PASS" starttime="20190901 23:43:22.139" endtime="20190901 23:43:22.140"></status>
</kw>
<kw name="Capture Page Screenshot" library="Selenium2Library">
<doc>Takes screenshot of the current page and embeds it into log file.</doc>
<msg timestamp="20190901 23:43:22.461" level="INFO" html="yes">&lt;/td&gt;&lt;/tr&gt;&lt;tr&gt;&lt;td colspan="3"&gt;&lt;a href="selenium-screenshot-47.png"&gt;&lt;img src="selenium-screenshot-47.png" width="800px"&gt;&lt;/a&gt;</msg>
<status status="PASS" starttime="20190901 23:43:22.140" endtime="20190901 23:43:22.462"></status>
</kw>
<kw name="Unselect Frame" library="Selenium2Library">
<doc>Sets the main frame as the current frame.</doc>
<status status="PASS" starttime="20190901 23:43:22.462" endtime="20190901 23:43:22.467"></status>
</kw>
<kw name="Click Element" library="Selenium2Library">
<doc>Click element identified by ``locator``.</doc>
<arguments>
<arg>${CloseFrame}</arg>
</arguments>
<msg timestamp="20190901 23:43:22.469" level="INFO">Clicking element '//*[@id="close"]'.</msg>
<status status="PASS" starttime="20190901 23:43:22.468" endtime="20190901 23:43:22.576"></status>
</kw>
<status status="PASS" starttime="20190901 23:43:15.938" endtime="20190901 23:43:22.577"></status>
</kw>
<doc>SignIn error validation</doc>
<status status="PASS" starttime="20190901 23:43:15.936" endtime="20190901 23:43:22.578" critical="yes"></status>
</test>
<test id="s1-s1-s1-t2" name="Flight Booking Test">
<kw name="OneWayJourney" library="FlightBookingTest">
<kw name="Click Link" library="Selenium2Library">
<doc>Clicks a link identified by ``locator``.</doc>
<arguments>
<arg>${FlightLink}</arg>
</arguments>
<msg timestamp="20190901 23:43:22.583" level="INFO">Clicking link '//*[@id="Home"]/div/aside[1]/nav/ul[1]/li[1]/a[1]'.</msg>
<status status="PASS" starttime="20190901 23:43:22.582" endtime="20190901 23:43:28.601"></status>
</kw>
<kw name="Select Radio Button" library="Selenium2Library">
<doc>Sets radio button group ``group_name`` to ``value``.</doc>
<arguments>
<arg>${Trip}</arg>
<arg>${TripType}</arg>
</arguments>
<msg timestamp="20190901 23:43:28.602" level="INFO">Selecting 'OneWay' from radio button 'trip_type'.</msg>
<status status="PASS" starttime="20190901 23:43:28.602" endtime="20190901 23:43:28.645"></status>
</kw>
<kw name="Input Text" library="Selenium2Library">
<doc>Types the given ``text`` into text field identified by ``locator``.</doc>
<arguments>
<arg>${From}</arg>
<arg>${Departure}</arg>
</arguments>
<msg timestamp="20190901 23:43:28.646" level="INFO">Typing text 'Bangalore' into text field '//*[@id="FromTag"]'.</msg>
<status status="PASS" starttime="20190901 23:43:28.645" endtime="20190901 23:43:28.826"></status>
</kw>
<kw name="Sleep" library="BuiltIn">
<doc>Pauses the test executed for the given time.</doc>
<arguments>
<arg>5</arg>
</arguments>
<msg timestamp="20190901 23:43:33.827" level="INFO">Slept 5 seconds</msg>
<status status="PASS" starttime="20190901 23:43:28.827" endtime="20190901 23:43:33.827"></status>
</kw>
<kw name="Press Key" library="Selenium2Library">
<doc>Deprecated use `Press Keys` instead.</doc>
<arguments>
<arg>${From}</arg>
<arg>\\25</arg>
</arguments>
<status status="PASS" starttime="20190901 23:43:33.828" endtime="20190901 23:43:33.889"></status>
</kw>
<kw name="Press Key" library="Selenium2Library">
<doc>Deprecated use `Press Keys` instead.</doc>
<arguments>
<arg>${From}</arg>
<arg>\\13</arg>
</arguments>
<status status="PASS" starttime="20190901 23:43:33.890" endtime="20190901 23:43:33.985"></status>
</kw>
<kw name="Input Text" library="Selenium2Library">
<doc>Types the given ``text`` into text field identified by ``locator``.</doc>
<arguments>
<arg>${To}</arg>
<arg>${Arrival}</arg>
</arguments>
<msg timestamp="20190901 23:43:33.987" level="INFO">Typing text 'Delhi' into text field '//*[@id="ToTag"]'.</msg>
<status status="PASS" starttime="20190901 23:43:33.986" endtime="20190901 23:43:34.244"></status>
</kw>
<kw name="Sleep" library="BuiltIn">
<doc>Pauses the test executed for the given time.</doc>
<arguments>
<arg>5</arg>
</arguments>
<msg timestamp="20190901 23:43:39.247" level="INFO">Slept 5 seconds</msg>
<status status="PASS" starttime="20190901 23:43:34.244" endtime="20190901 23:43:39.248"></status>
</kw>
<kw name="Press Key" library="Selenium2Library">
<doc>Deprecated use `Press Keys` instead.</doc>
<arguments>
<arg>${To}</arg>
<arg>\\25</arg>
</arguments>
<status status="PASS" starttime="20190901 23:43:39.250" endtime="20190901 23:43:39.327"></status>
</kw>
<kw name="Press Key" library="Selenium2Library">
<doc>Deprecated use `Press Keys` instead.</doc>
<arguments>
<arg>${To}</arg>
<arg>\\13</arg>
</arguments>
<status status="PASS" starttime="20190901 23:43:39.327" endtime="20190901 23:43:39.462"></status>
</kw>
<kw name="Click Element" library="Selenium2Library">
<doc>Click element identified by ``locator``.</doc>
<arguments>
<arg>${DatePicker}</arg>
</arguments>
<msg timestamp="20190901 23:43:39.463" level="INFO">Clicking element '//*[@id="ORtrip"]/section[2]/div[1]/dl/dd/div/a/i'.</msg>
<status status="PASS" starttime="20190901 23:43:39.463" endtime="20190901 23:43:39.629"></status>
</kw>
<kw name="Click Element" library="Selenium2Library">
<doc>Click element identified by ``locator``.</doc>
<arguments>
<arg>${Date}</arg>
</arguments>
<msg timestamp="20190901 23:43:39.631" level="INFO">Clicking element '//*[@id="ui-datepicker-div"]/div[1]/table/tbody/tr[4]/td[3]/a'.</msg>
<status status="PASS" starttime="20190901 23:43:39.630" endtime="20190901 23:43:39.734"></status>
</kw>
<kw name="Select From List By Value" library="Selenium2Library">
<doc>Selects options from selection list ``locator`` by ``values``.</doc>
<arguments>
<arg>${NoOfAdults}</arg>
<arg>2</arg>
</arguments>
<msg timestamp="20190901 23:43:39.736" level="INFO">Selecting options from selection list 'name=adults' by value 2.</msg>
<status status="PASS" starttime="20190901 23:43:39.735" endtime="20190901 23:43:39.880"></status>
</kw>
<kw name="Capture Page Screenshot" library="Selenium2Library">
<doc>Takes screenshot of the current page and embeds it into log file.</doc>
<msg timestamp="20190901 23:43:40.199" level="INFO" html="yes">&lt;/td&gt;&lt;/tr&gt;&lt;tr&gt;&lt;td colspan="3"&gt;&lt;a href="selenium-screenshot-48.png"&gt;&lt;img src="selenium-screenshot-48.png" width="800px"&gt;&lt;/a&gt;</msg>
<status status="PASS" starttime="20190901 23:43:39.881" endtime="20190901 23:43:40.200"></status>
</kw>
<kw name="Click Button" library="Selenium2Library">
<doc>Clicks button identified by ``locator``.</doc>
<arguments>
<arg>${SearchFlightBtn}</arg>
</arguments>
<msg timestamp="20190901 23:43:40.201" level="INFO">Clicking button '//*[@id="SearchBtn"]'.</msg>
<status status="PASS" starttime="20190901 23:43:40.201" endtime="20190901 23:43:40.614"></status>
</kw>
<kw name="Page Should Contain Element" library="Selenium2Library">
<doc>Verifies that element ``locator`` is found on the current page.</doc>
<arguments>
<arg>${FlightsList}</arg>
</arguments>
<msg timestamp="20190901 23:43:40.743" level="INFO">Current page contains element 'flightForm'.</msg>
<status status="PASS" starttime="20190901 23:43:40.614" endtime="20190901 23:43:40.744"></status>
</kw>
<kw name="Sleep" library="BuiltIn">
<doc>Pauses the test executed for the given time.</doc>
<arguments>
<arg>10</arg>
</arguments>
<msg timestamp="20190901 23:43:50.746" level="INFO">Slept 10 seconds</msg>
<status status="PASS" starttime="20190901 23:43:40.744" endtime="20190901 23:43:50.746"></status>
</kw>
<kw name="Capture Page Screenshot" library="Selenium2Library">
<doc>Takes screenshot of the current page and embeds it into log file.</doc>
<msg timestamp="20190901 23:43:51.747" level="INFO" html="yes">&lt;/td&gt;&lt;/tr&gt;&lt;tr&gt;&lt;td colspan="3"&gt;&lt;a href="selenium-screenshot-49.png"&gt;&lt;img src="selenium-screenshot-49.png" width="800px"&gt;&lt;/a&gt;</msg>
<status status="PASS" starttime="20190901 23:43:50.747" endtime="20190901 23:43:51.747"></status>
</kw>
<status status="PASS" starttime="20190901 23:43:22.581" endtime="20190901 23:43:51.748"></status>
</kw>
<kw name="End Test" library="GenericFile">
<kw name="Close Browser" library="Selenium2Library">
<doc>Closes the current browser.</doc>
<status status="PASS" starttime="20190901 23:43:51.749" endtime="20190901 23:43:54.499"></status>
</kw>
<status status="PASS" starttime="20190901 23:43:51.748" endtime="20190901 23:43:54.500"></status>
</kw>
<doc>Oneway Flight Journey Booking Validation</doc>
<status status="PASS" starttime="20190901 23:43:22.579" endtime="20190901 23:43:54.501" critical="yes"></status>
</test>
<test id="s1-s1-s1-t3" name="Hotel Booking Test">
<kw name="Begin Test" library="GenericFile">
<kw name="Open Browser" library="Selenium2Library">
<doc>Opens a new browser instance to the given ``url``.</doc>
<arguments>
<arg>https://www.cleartrip.com</arg>
<arg>chrome</arg>
</arguments>
<msg timestamp="20190901 23:43:54.511" level="INFO">Opening browser 'chrome' to base url 'https://www.cleartrip.com'.</msg>
<status status="PASS" starttime="20190901 23:43:54.510" endtime="20190901 23:44:10.004"></status>
</kw>
<kw name="Page Should Contain Element" library="Selenium2Library">
<doc>Verifies that element ``locator`` is found on the current page.</doc>
<arguments>
<arg>${Logo}</arg>
</arguments>
<msg timestamp="20190901 23:44:10.032" level="INFO">Current page contains element 'css=span[class="cleartripLogo"]'.</msg>
<status status="PASS" starttime="20190901 23:44:10.005" endtime="20190901 23:44:10.033"></status>
</kw>
<kw name="Maximize Browser Window" library="Selenium2Library">
<doc>Maximizes current browser window.</doc>
<status status="PASS" starttime="20190901 23:44:10.033" endtime="20190901 23:44:14.179"></status>
</kw>
<status status="PASS" starttime="20190901 23:43:54.508" endtime="20190901 23:44:14.180"></status>
</kw>
<kw name="BookHotel" library="HotelBookingTest">
<kw name="Click Link" library="Selenium2Library">
<doc>Clicks a link identified by ``locator``.</doc>
<arguments>
<arg>${LnkHotel}</arg>
</arguments>
<msg timestamp="20190901 23:44:14.183" level="INFO">Clicking link '//*[@id="Home"]/div/aside[1]/nav/ul[1]/li[2]/a[1]'.</msg>
<status status="PASS" starttime="20190901 23:44:14.182" endtime="20190901 23:44:26.741"></status>
</kw>
<kw name="Input Text" library="Selenium2Library">
<doc>Types the given ``text`` into text field identified by ``locator``.</doc>
<arguments>
<arg>${Where}</arg>
<arg>${Location}</arg>
</arguments>
<msg timestamp="20190901 23:44:26.743" level="INFO">Typing text 'Indiranagar' into text field 'Tags'.</msg>
<status status="PASS" starttime="20190901 23:44:26.742" endtime="20190901 23:44:27.881"></status>
</kw>
<kw name="Sleep" library="BuiltIn">
<doc>Pauses the test executed for the given time.</doc>
<arguments>
<arg>5</arg>
</arguments>
<msg timestamp="20190901 23:44:32.884" level="INFO">Slept 5 seconds</msg>
<status status="PASS" starttime="20190901 23:44:27.882" endtime="20190901 23:44:32.884"></status>
</kw>
<kw name="Press Key" library="Selenium2Library">
<doc>Deprecated use `Press Keys` instead.</doc>
<arguments>
<arg>${Where}</arg>
<arg>\\25</arg>
</arguments>
<status status="PASS" starttime="20190901 23:44:32.885" endtime="20190901 23:44:32.942"></status>
</kw>
<kw name="Press Key" library="Selenium2Library">
<doc>Deprecated use `Press Keys` instead.</doc>
<arguments>
<arg>${Where}</arg>
<arg>\\13</arg>
</arguments>
<status status="PASS" starttime="20190901 23:44:32.943" endtime="20190901 23:44:33.178"></status>
</kw>
<kw name="Click Element" library="Selenium2Library">
<doc>Click element identified by ``locator``.</doc>
<arguments>
<arg>${CheckInDate}</arg>
</arguments>
<msg timestamp="20190901 23:44:33.179" level="INFO">Clicking element 'CheckInDate'.</msg>
<status status="PASS" starttime="20190901 23:44:33.179" endtime="20190901 23:44:33.289"></status>
</kw>
<kw name="Click Element" library="Selenium2Library">
<doc>Click element identified by ``locator``.</doc>
<arguments>
<arg>${CheckIn}</arg>
</arguments>
<msg timestamp="20190901 23:44:33.289" level="INFO">Clicking element '//*[@id="ui-datepicker-div"]/div[1]/table/tbody/tr[5]/td[3]/a'.</msg>
<status status="PASS" starttime="20190901 23:44:33.289" endtime="20190901 23:44:33.425"></status>
</kw>
<kw name="Click Element" library="Selenium2Library">
<doc>Click element identified by ``locator``.</doc>
<arguments>
<arg>${CheckOutDate}</arg>
</arguments>
<msg timestamp="20190901 23:44:33.427" level="INFO">Clicking element 'CheckOutDate'.</msg>
<status status="PASS" starttime="20190901 23:44:33.426" endtime="20190901 23:44:33.556"></status>
</kw>
<kw name="Click Element" library="Selenium2Library">
<doc>Click element identified by ``locator``.</doc>
<arguments>
<arg>${CheckOut}</arg>
</arguments>
<msg timestamp="20190901 23:44:33.557" level="INFO">Clicking element '//*[@id="ui-datepicker-div"]/div[1]/table/tbody/tr[5]/td[5]/a'.</msg>
<status status="PASS" starttime="20190901 23:44:33.556" endtime="20190901 23:44:33.692"></status>
</kw>
<kw name="Select From List By Value" library="Selenium2Library">
<doc>Selects options from selection list ``locator`` by ``values``.</doc>
<arguments>
<arg>${Travellers}</arg>
<arg>4</arg>
</arguments>
<msg timestamp="20190901 23:44:33.694" level="INFO">Selecting options from selection list 'travellersOnhome' by value 4.</msg>
<status status="PASS" starttime="20190901 23:44:33.693" endtime="20190901 23:44:33.863"></status>
</kw>
<kw name="Capture Page Screenshot" library="Selenium2Library">
<doc>Takes screenshot of the current page and embeds it into log file.</doc>
<msg timestamp="20190901 23:44:34.219" level="INFO" html="yes">&lt;/td&gt;&lt;/tr&gt;&lt;tr&gt;&lt;td colspan="3"&gt;&lt;a href="selenium-screenshot-50.png"&gt;&lt;img src="selenium-screenshot-50.png" width="800px"&gt;&lt;/a&gt;</msg>
<status status="PASS" starttime="20190901 23:44:33.863" endtime="20190901 23:44:34.219"></status>
</kw>
<kw name="Click Button" library="Selenium2Library">
<doc>Clicks button identified by ``locator``.</doc>
<arguments>
<arg>${SearchHotelBtn}</arg>
</arguments>
<msg timestamp="20190901 23:44:34.220" level="INFO">Clicking button 'SearchHotelsButton'.</msg>
<status status="PASS" starttime="20190901 23:44:34.219" endtime="20190901 23:44:34.621"></status>
</kw>
<kw name="Page Should Contain Element" library="Selenium2Library">
<doc>Verifies that element ``locator`` is found on the current page.</doc>
<arguments>
<arg>${HotelList}</arg>
</arguments>
<msg timestamp="20190901 23:44:34.680" level="INFO">Current page contains element '//*[@class='hotelsList']'.</msg>
<status status="PASS" starttime="20190901 23:44:34.622" endtime="20190901 23:44:34.680"></status>
</kw>
<kw name="Sleep" library="BuiltIn">
<doc>Pauses the test executed for the given time.</doc>
<arguments>
<arg>10</arg>
</arguments>
<msg timestamp="20190901 23:44:44.683" level="INFO">Slept 10 seconds</msg>
<status status="PASS" starttime="20190901 23:44:34.681" endtime="20190901 23:44:44.683"></status>
</kw>
<kw name="Capture Page Screenshot" library="Selenium2Library">
<doc>Takes screenshot of the current page and embeds it into log file.</doc>
<msg timestamp="20190901 23:44:45.771" level="INFO" html="yes">&lt;/td&gt;&lt;/tr&gt;&lt;tr&gt;&lt;td colspan="3"&gt;&lt;a href="selenium-screenshot-51.png"&gt;&lt;img src="selenium-screenshot-51.png" width="800px"&gt;&lt;/a&gt;</msg>
<status status="PASS" starttime="20190901 23:44:44.684" endtime="20190901 23:44:45.771"></status>
</kw>
<status status="PASS" starttime="20190901 23:44:14.180" endtime="20190901 23:44:45.772"></status>
</kw>
<doc>Hotel Booking Validation</doc>
<status status="PASS" starttime="20190901 23:43:54.504" endtime="20190901 23:44:45.772" critical="yes"></status>
</test>
<kw name="End Test" library="GenericFile" type="teardown">
<kw name="Close Browser" library="Selenium2Library">
<doc>Closes the current browser.</doc>
<status status="PASS" starttime="20190901 23:44:45.775" endtime="20190901 23:44:48.560"></status>
</kw>
<status status="PASS" starttime="20190901 23:44:45.774" endtime="20190901 23:44:48.561"></status>
</kw>
<status status="PASS" starttime="20190901 23:42:57.615" endtime="20190901 23:44:48.561"></status>
</suite>
<status status="PASS" starttime="20190901 23:42:57.611" endtime="20190901 23:44:48.568"></status>
</suite>
<status status="PASS" starttime="20190901 23:42:57.565" endtime="20190901 23:44:48.573"></status>
</suite>
<statistics>
<total>
<stat pass="3" fail="0">Critical Tests</stat>
<stat pass="3" fail="0">All Tests</stat>
</total>
<tag>
</tag>
<suite>
<stat pass="3" fail="0" id="s1" name="ClearTripTesting">ClearTripTesting</stat>
<stat pass="3" fail="0" id="s1-s1" name="TestFile">ClearTripTesting.TestFile</stat>
<stat pass="3" fail="0" id="s1-s1-s1" name="ClearTripTest">ClearTripTesting.TestFile.ClearTripTest</stat>
</suite>
</statistics>
<errors>
</errors>
</robot>
